\BOOKMARK [0][-]{chapter*.2}{1 Introduction}{}% 1
\BOOKMARK [1][-]{section.1.1}{Description}{chapter*.2}% 2
\BOOKMARK [1][-]{section.1.2}{Motivation}{chapter*.2}% 3
\BOOKMARK [1][-]{section.1.3}{Design overview}{chapter*.2}% 4
\BOOKMARK [0][-]{chapter*.3}{2 Getting the data}{}% 5
\BOOKMARK [1][-]{section.2.1}{Tweet Manager}{chapter*.3}% 6
\BOOKMARK [1][-]{section.2.2}{Tweet Searcher}{chapter*.3}% 7
\BOOKMARK [1][-]{section.2.3}{Tweet Streamer}{chapter*.3}% 8
\BOOKMARK [1][-]{section.2.4}{Data Simulator}{chapter*.3}% 9
\BOOKMARK [-1][-]{chapter*.4}{3 Map display}{}% 10
\BOOKMARK [0][-]{section.3.1}{general introduction}{chapter*.4}% 11
\BOOKMARK [1][-]{section.3.2}{region selection}{section.3.1}% 12
\BOOKMARK [1][-]{section.3.3}{tweet density display}{section.3.1}% 13
\BOOKMARK [1][-]{section.3.4}{clustering display}{section.3.1}% 14
\BOOKMARK [1][-]{section.3.5}{conclusion}{section.3.1}% 15
\BOOKMARK [0][-]{chapter*.5}{4 Intersection algorithm}{chapter*.4}% 16
\BOOKMARK [1][-]{section.4.1}{Partitioning the map}{chapter*.5}% 17
\BOOKMARK [1][-]{section.4.2}{Interaction between the front and back end}{chapter*.5}% 18
\BOOKMARK [0][-]{chapter*.6}{5 Clustering algorithm}{chapter*.4}% 19
\BOOKMARK [1][-]{section.5.1}{ Agglomerative clustering}{chapter*.6}% 20
\BOOKMARK [1][-]{section.5.2}{ SLIC algorithm}{chapter*.6}% 21
\BOOKMARK [0][-]{chapter*.7}{6 Venn diagram}{chapter*.4}% 22
\BOOKMARK [1][-]{section.6.1}{Overview}{chapter*.7}% 23
\BOOKMARK [1][-]{section.6.2}{D3.js and placement optimization}{chapter*.7}% 24
\BOOKMARK [1][-]{section.6.3}{Integration to play}{chapter*.7}% 25
\BOOKMARK [0][-]{chapter*.8}{7 Keyword translation and synonym}{chapter*.4}% 26
\BOOKMARK [1][-]{section.7.1}{Keyword entering and keyword translation }{chapter*.8}% 27
\BOOKMARK [2][-]{subsection.7.1.1}{Translation}{section.7.1}% 28
\BOOKMARK [2][-]{subsection.7.1.2}{Keyword entering interface}{section.7.1}% 29
\BOOKMARK [-1][-]{chapter*.16}{8 Scalability}{}% 30
\BOOKMARK [0][-]{section.8.1}{Scaling the computation}{chapter*.16}% 31
\BOOKMARK [1][-]{section.8.2}{Scaling the data source}{section.8.1}% 32
\BOOKMARK [-1][-]{chapter*.17}{9 Member Report}{}% 33
\BOOKMARK [0][-]{section.9.1}{Mathieu Demarne}{chapter*.17}% 34
\BOOKMARK [1][-]{section.9.2}{Adrien Ghosn}{section.9.1}% 35
\BOOKMARK [1][-]{section.9.3}{Lewis Brown}{section.9.1}% 36
\BOOKMARK [1][-]{section.9.4}{K\351vin Serrano}{section.9.1}% 37
\BOOKMARK [1][-]{section.9.5}{Gianni Scarnera}{section.9.1}% 38
\BOOKMARK [1][-]{section.9.6}{Pierre Gouedard}{section.9.1}% 39
\BOOKMARK [1][-]{section.9.7}{Cl\351ment Moutet}{section.9.1}% 40
\BOOKMARK [1][-]{section.9.8}{Timo Babst}{section.9.1}% 41
\BOOKMARK [1][-]{section.9.9}{Joris Beau}{section.9.1}% 42
\BOOKMARK [1][-]{section.9.10}{C\351dric Bastin}{section.9.1}% 43
\BOOKMARK [0][-]{chapter*.18}{10 Conclusion}{chapter*.17}% 44
\BOOKMARK [0][-]{chapter*.19}{Acknowledgment}{chapter*.17}% 45
\BOOKMARK [0][-]{chapter*.20}{Bibliography \046 useful links}{chapter*.17}% 46
